<?xml version="1.0" encoding="UTF-8"?>
<testng-results skipped="0" failed="0" total="1" passed="1">
  <reporter-output>
  </reporter-output>
  <suite name="Default suite" duration-ms="3220" started-at="2020-02-27T19:42:40Z" finished-at="2020-02-27T19:42:43Z">
    <groups>
    </groups>
    <test name="Default test" duration-ms="3220" started-at="2020-02-27T19:42:40Z" finished-at="2020-02-27T19:42:43Z">
      <class name="com.apitest.NewTest">
        <test-method status="PASS" signature="beforeClass()[pri:0, instance:com.apitest.NewTest@3532ec19]" name="beforeClass" is-config="true" duration-ms="15" started-at="2020-02-28T01:12:40Z" finished-at="2020-02-28T01:12:40Z">
          <reporter-output>
          </reporter-output>
        </test-method> <!-- beforeClass -->
        <test-method status="PASS" signature="validate200Ok()[pri:0, instance:com.apitest.NewTest@3532ec19]" name="validate200Ok" duration-ms="3189" started-at="2020-02-28T01:12:40Z" finished-at="2020-02-28T01:12:43Z">
          <reporter-output>
          </reporter-output>
        </test-method> <!-- validate200Ok -->
        <test-method status="PASS" signature="afterClass()[pri:0, instance:com.apitest.NewTest@3532ec19]" name="afterClass" is-config="true" duration-ms="1" started-at="2020-02-28T01:12:43Z" finished-at="2020-02-28T01:12:43Z">
          <reporter-output>
          </reporter-output>
        </test-method> <!-- afterClass -->
      </class> <!-- com.apitest.NewTest -->
    </test> <!-- Default test -->
  </suite> <!-- Default suite -->
</testng-results>
